#
# There is insufficient memory for the Java Runtime Environment to continue.
# Native memory allocation (malloc) failed to allocate 1048576 bytes. Error detail: AllocateHeap
# Possible reasons:
#   The system is out of physical RAM or swap space
#   This process is running with CompressedOops enabled, and the Java Heap may be blocking the growth of the native heap
# Possible solutions:
#   Reduce memory load on the system
#   Increase physical memory or swap space
#   Check if swap backing store is full
#   Decrease Java heap size (-Xmx/-Xms)
#   Decrease number of Java threads
#   Decrease Java thread stack sizes (-Xss)
#   Set larger code cache with -XX:ReservedCodeCacheSize=
#   JVM is running with Unscaled Compressed Oops mode in which the Java heap is
#     placed in the first 4GB address space. The Java Heap base address is the
#     maximum limit for the native heap growth. Please use -XX:HeapBaseMinAddress
#     to set the Java Heap base and to place the Java Heap above 4GB virtual address.
# This output file may be truncated or incomplete.
#
#  Out of Memory Error (allocation.cpp:44), pid=14384, tid=13524
#
# JRE version: OpenJDK Runtime Environment Temurin-21.0.11+10 (21.0.11+10) (build 21.0.11+10-LTS)
# Java VM: OpenJDK 64-Bit Server VM Temurin-21.0.11+10 (21.0.11+10-LTS, mixed mode, sharing, tiered, compressed oops, compressed class ptrs, parallel gc, windows-amd64)
# No core dump will be written. Minidumps are not enabled by default on client versions of Windows
#

---------------  S U M M A R Y ------------

Command Line: --add-modules=ALL-SYSTEM --add-opens=java.base/java.util=ALL-UNNAMED --add-opens=java.base/java.lang=ALL-UNNAMED --add-opens=java.base/sun.nio.fs=ALL-UNNAMED -Declipse.application=org.eclipse.jdt.ls.core.id1 -Dosgi.bundles.defaultStartLevel=4 -Declipse.product=org.eclipse.jdt.ls.core.product -Djava.import.generatesMetadataFilesAtProjectRoot=false -DDetectVMInstallationsJob.disabled=true -Dfile.encoding=utf8 -XX:+UseParallelGC -XX:GCTimeRatio=4 -XX:AdaptiveSizePolicyWeight=90 -Dsun.zip.disableMemoryMapping=true -Xmx2G -Xms100m -Xlog:disable -javaagent:c:\Users\Lenovo\.vscode\extensions\redhat.java-1.55.0-win32-x64\lombok\lombok-1.18.39-4050.jar -XX:+HeapDumpOnOutOfMemoryError -XX:HeapDumpPath=c:\Users\Lenovo\AppData\Roaming\Code\User\workspaceStorage\6510937284bec20cd9c82b66bb8087bd\redhat.java -Daether.dependencyCollector.impl=bf c:\Users\Lenovo\.vscode\extensions\redhat.java-1.55.0-win32-x64\server\plugins\org.eclipse.equinox.launcher_1.7.200.v20260619-2039.jar -configuration c:\Users\Lenovo\AppData\Roaming\Code\User\globalStorage\redhat.java\1.55.0\config_win -data c:\Users\Lenovo\AppData\Roaming\Code\User\workspaceStorage\6510937284bec20cd9c82b66bb8087bd\redhat.java\jdt_ws --pipe=\\.\pipe\lsp-9b52b19541cd0437ecde925471f1612d-sock

Host: Intel(R) Core(TM) i3-8130U CPU @ 2.20GHz, 4 cores, 11G,  Windows 11 , 64 bit Build 26100 (10.0.26100.8737)
Time: Sun Jul 12 22:15:40 2026 India Standard Time elapsed time: 3430.824779 seconds (0d 0h 57m 10s)

---------------  T H R E A D  ---------------

Current thread (0x0000021578494f00):  JavaThread "Attach Listener" daemon [_thread_in_vm, id=13524, stack(0x0000007716600000,0x0000007716700000) (1024K)]

Stack: [0x0000007716600000,0x0000007716700000]
Native frames: (J=compiled Java code, j=interpreted, Vv=VM code, C=native code)
V  [jvm.dll+0x6d7e19]
V  [jvm.dll+0x8b5096]
V  [jvm.dll+0x8b764e]
V  [jvm.dll+0x8b7d33]
V  [jvm.dll+0x284596]
V  [jvm.dll+0xc13c7]
V  [jvm.dll+0x6d86c9]
V  [jvm.dll+0x133616]
V  [jvm.dll+0x3f868e]
V  [jvm.dll+0x85fb0d]
V  [jvm.dll+0x6d664d]
C  [ucrtbase.dll+0x2cd30]
C  [KERNEL32.DLL+0x2e957]
C  [ntdll.dll+0xaad6c]


---------------  P R O C E S S  ---------------

Threads class SMR info:
_java_thread_list=0x00000215526ce170, length=30, elements={
0x000002156e84acd0, 0x0000021570b5d3c0, 0x0000021578491780, 0x00000215784936f0,
0x0000021578494f00, 0x0000021578499c40, 0x000002157849a6a0, 0x0000021578498090,
0x000002157850ca60, 0x000002157927d1b0, 0x00000215793ba1f0, 0x000002157930d900,
0x0000021579a31e80, 0x0000021579a2ab10, 0x0000021579439760, 0x000002157e3360d0,
0x00000215795f3bf0, 0x000002157e423950, 0x000002157e1199c0, 0x000002157e117260,
0x000002157e118610, 0x000002157e116bd0, 0x000002157e1178f0, 0x00000215517cfb50,
0x00000215517d0870, 0x00000215517d1590, 0x00000215517ce110, 0x00000215517cf4c0,
0x00000215517d0f00, 0x00000215517d1c20
}

Java Threads: ( => current thread )
  0x000002156e84acd0 JavaThread "main"                              [_thread_blocked, id=19140, stack(0x0000007715f00000,0x0000007716000000) (1024K)]
  0x0000021570b5d3c0 JavaThread "Reference Handler"          daemon [_thread_blocked, id=6540, stack(0x0000007716300000,0x0000007716400000) (1024K)]
  0x0000021578491780 JavaThread "Finalizer"                  daemon [_thread_blocked, id=1616, stack(0x0000007716400000,0x0000007716500000) (1024K)]
  0x00000215784936f0 JavaThread "Signal Dispatcher"          daemon [_thread_blocked, id=5468, stack(0x0000007716500000,0x0000007716600000) (1024K)]
=>0x0000021578494f00 JavaThread "Attach Listener"            daemon [_thread_in_vm, id=13524, stack(0x0000007716600000,0x0000007716700000) (1024K)]
  0x0000021578499c40 JavaThread "Service Thread"             daemon [_thread_blocked, id=18948, stack(0x0000007716700000,0x0000007716800000) (1024K)]
  0x000002157849a6a0 JavaThread "Monitor Deflation Thread"   daemon [_thread_blocked, id=4676, stack(0x0000007716800000,0x0000007716900000) (1024K)]
  0x0000021578498090 JavaThread "C2 CompilerThread0"         daemon [_thread_blocked, id=12960, stack(0x0000007716900000,0x0000007716a00000) (1024K)]
  0x000002157850ca60 JavaThread "C1 CompilerThread0"         daemon [_thread_blocked, id=2976, stack(0x0000007716a00000,0x0000007716b00000) (1024K)]
  0x000002157927d1b0 JavaThread "Common-Cleaner"             daemon [_thread_blocked, id=13008, stack(0x0000007716b00000,0x0000007716c00000) (1024K)]
  0x00000215793ba1f0 JavaThread "Notification Thread"        daemon [_thread_blocked, id=14616, stack(0x0000007716c00000,0x0000007716d00000) (1024K)]
  0x000002157930d900 JavaThread "Active Thread: Equinox Container: 0055e613-068d-49c9-8c2f-e7029d8ebfcc"        [_thread_blocked, id=14992, stack(0x0000007716d00000,0x0000007716e00000) (1024K)]
  0x0000021579a31e80 JavaThread "Refresh Thread: Equinox Container: 0055e613-068d-49c9-8c2f-e7029d8ebfcc" daemon [_thread_blocked, id=19460, stack(0x0000007717100000,0x0000007717200000) (1024K)]
  0x0000021579a2ab10 JavaThread "Framework Event Dispatcher: Equinox Container: 0055e613-068d-49c9-8c2f-e7029d8ebfcc" daemon [_thread_blocked, id=11284, stack(0x0000007717200000,0x0000007717300000) (1024K)]
  0x0000021579439760 JavaThread "Start Level: Equinox Container: 0055e613-068d-49c9-8c2f-e7029d8ebfcc" daemon [_thread_blocked, id=19936, stack(0x0000007717300000,0x0000007717400000) (1024K)]
  0x000002157e3360d0 JavaThread "Bundle File Closer"         daemon [_thread_blocked, id=14392, stack(0x0000007717500000,0x0000007717600000) (1024K)]
  0x00000215795f3bf0 JavaThread "SCR Component Actor"        daemon [_thread_blocked, id=9320, stack(0x0000007717400000,0x0000007717500000) (1024K)]
  0x000002157e423950 JavaThread "Worker-JM"                         [_thread_blocked, id=19520, stack(0x0000007717700000,0x0000007717800000) (1024K)]
  0x000002157e1199c0 JavaThread "JNA Cleaner"                daemon [_thread_blocked, id=20080, stack(0x0000007717600000,0x0000007717700000) (1024K)]
  0x000002157e117260 JavaThread "Worker-0"                          [_thread_blocked, id=17504, stack(0x0000007717800000,0x0000007717900000) (1024K)]
  0x000002157e118610 JavaThread "Java indexing"              daemon [_thread_blocked, id=18820, stack(0x0000007717b00000,0x0000007717c00000) (1024K)]
  0x000002157e116bd0 JavaThread "Worker-4"                          [_thread_blocked, id=10520, stack(0x0000007718000000,0x0000007718100000) (1024K)]
  0x000002157e1178f0 JavaThread "Thread-1"                   daemon [_thread_in_native, id=6996, stack(0x0000007718100000,0x0000007718200000) (1024K)]
  0x00000215517cfb50 JavaThread "Thread-2"                   daemon [_thread_in_native, id=14376, stack(0x0000007718200000,0x0000007718300000) (1024K)]
  0x00000215517d0870 JavaThread "Thread-3"                   daemon [_thread_in_native, id=18404, stack(0x0000007718300000,0x0000007718400000) (1024K)]
  0x00000215517d1590 JavaThread "Thread-4"                   daemon [_thread_in_native, id=7324, stack(0x0000007718400000,0x0000007718500000) (1024K)]
  0x00000215517ce110 JavaThread "Thread-5"                   daemon [_thread_in_native, id=16772, stack(0x0000007718500000,0x0000007718600000) (1024K)]
  0x00000215517cf4c0 JavaThread "pool-2-thread-1"                   [_thread_blocked, id=4252, stack(0x0000007718600000,0x0000007718700000) (1024K)]
  0x00000215517d0f00 JavaThread "WorkspaceEventsHandler"            [_thread_blocked, id=15500, stack(0x0000007718700000,0x0000007718800000) (1024K)]
  0x00000215517d1c20 JavaThread "pool-1-thread-1"                   [_thread_blocked, id=16500, stack(0x0000007718800000,0x0000007718900000) (1024K)]
Total: 30

Other Threads:
  0x000002157848f6a0 VMThread "VM Thread"                           [id=8724, stack(0x0000007716200000,0x0000007716300000) (1024K)]
  0x000002157842ca00 WatcherThread "VM Periodic Task Thread"        [id=10004, stack(0x0000007716100000,0x0000007716200000) (1024K)]
  0x0000021570ac1330 WorkerThread "GC Thread#0"                     [id=14372, stack(0x0000007716000000,0x0000007716100000) (1024K)]
  0x000002157950d090 WorkerThread "GC Thread#1"                     [id=15288, stack(0x0000007716e00000,0x0000007716f00000) (1024K)]
  0x0000021579591d00 WorkerThread "GC Thread#2"                     [id=16084, stack(0x0000007716f00000,0x0000007717000000) (1024K)]
  0x00000215795920b0 WorkerThread "GC Thread#3"                     [id=3252, stack(0x0000007717000000,0x0000007717100000) (1024K)]
Total: 6

Threads with active compile tasks:
Total: 0

VM state: not at safepoint (normal execution)

VM Mutex/Monitor currently owned by a thread: None

Heap address: 0x0000000080000000, size: 2048 MB, Compressed Oops mode: 32-bit

CDS archive(s) mapped at: [0x000002150f000000-0x000002150fba0000-0x000002150fba0000), size 12189696, SharedBaseAddress: 0x000002150f000000, ArchiveRelocationMode: 1.
Compressed class space mapped at: 0x0000021510000000-0x0000021550000000, reserved size: 1073741824
Narrow klass base: 0x000002150f000000, Narrow klass shift: 0, Narrow klass range: 0x100000000

GC Precious Log:
 CardTable entry size: 512
 CPUs: 4 total, 4 available
 Memory: 12197M
 Large Page Support: Disabled
 NUMA Support: Disabled
 Compressed Oops: Enabled (32-bit)
 Alignments: Space 512K, Generation 512K, Heap 2M
 Heap Min Capacity: 100M
 Heap Initial Capacity: 100M
 Heap Max Capacity: 2G
 Pre-touch: Disabled
 Parallel Workers: 4

Heap:
 PSYoungGen      total 14848K, used 7204K [0x00000000d5580000, 0x00000000d6800000, 0x0000000100000000)
  eden space 13824K, 50% used [0x00000000d5580000,0x00000000d5c46728,0x00000000d6300000)
  from space 1024K, 26% used [0x00000000d6600000,0x00000000d6642cb8,0x00000000d6700000)
  to   space 512K, 0% used [0x00000000d6780000,0x00000000d6780000,0x00000000d6800000)
 ParOldGen       total 104448K, used 104390K [0x0000000080000000, 0x0000000086600000, 0x00000000d5580000)
  object space 104448K, 99% used [0x0000000080000000,0x00000000865f1870,0x0000000086600000)
 Metaspace       used 57439K, committed 58880K, reserved 1114112K
  class space    used 6122K, committed 6720K, reserved 1048576K

Card table byte_map: [0x0000021570470000,0x0000021570880000] _byte_map_base: 0x0000021570070000

Marking Bits: (ParMarkBitMap*) 0x00007ff8a3c14460
 Begin Bits: [0x0000021573f50000, 0x0000021575f50000)
 End Bits:   [0x0000021575f50000, 0x0000021577f50000)

Polling page: 0x0000021570260000

Metaspace:

Usage:
  Non-class:     50.11 MB used.
      Class:      5.98 MB used.
       Both:     56.09 MB used.

Virtual space:
  Non-class space:       64.00 MB reserved,      50.94 MB ( 80%) committed,  1 nodes.
      Class space:        1.00 GB reserved,       6.56 MB ( <1%) committed,  1 nodes.
             Both:        1.06 GB reserved,      57.50 MB (  5%) committed. 

Chunk freelists:
   Non-Class:  12.98 MB
       Class:  9.28 MB
        Both:  22.26 MB

MaxMetaspaceSize: unlimited
CompressedClassSpaceSize: 1.00 GB
Initial GC threshold: 21.00 MB
Current GC threshold: 58.38 MB
CDS: on
 - commit_granule_bytes: 65536.
 - commit_granule_words: 8192.
 - virtual_space_node_default_size: 8388608.
 - enlarge_chunks_in_place: 1.
 - use_allocation_guard: 0.


Internal statistics:

num_allocs_failed_limit: 6.
num_arena_births: 1130.
num_arena_deaths: 14.
num_vsnodes_births: 2.
num_vsnodes_deaths: 0.
num_space_committed: 920.
num_space_uncommitted: 0.
num_chunks_returned_to_freelist: 20.
num_chunks_taken_from_freelist: 3807.
num_chunk_merges: 12.
num_chunk_splits: 2347.
num_chunks_enlarged: 1321.
num_inconsistent_stats: 0.

CodeHeap 'non-profiled nmethods': size=120000Kb used=6336Kb max_used=6336Kb free=113663Kb
 bounds [0x0000021507ad0000, 0x0000021508110000, 0x000002150f000000]
CodeHeap 'profiled nmethods': size=120000Kb used=21337Kb max_used=21337Kb free=98662Kb
 bounds [0x0000021500000000, 0x00000215014e0000, 0x0000021507530000]
CodeHeap 'non-nmethods': size=5760Kb used=1396Kb max_used=1457Kb free=4363Kb
 bounds [0x0000021507530000, 0x00000215077a0000, 0x0000021507ad0000]
CodeCache: size=245760Kb, used=29069Kb, max_used=29130Kb, free=216688Kb
 total_blobs=10263, nmethods=9560, adapters=609, full_count=0
Compilation: enabled, stopped_count=0, restarted_count=0

Compilation events (20 events):
Event: 2954.363 Thread 0x000002157850ca60 10124       3       java.util.concurrent.locks.AbstractQueuedSynchronizer$Node::setStatusRelaxed (12 bytes)
Event: 2954.364 Thread 0x000002157850ca60 nmethod 10124 0x00000215014d2590 code [0x00000215014d2720, 0x00000215014d2838]
Event: 2960.434 Thread 0x000002157850ca60 10125       3       java.util.concurrent.ScheduledThreadPoolExecutor::triggerTime (22 bytes)
Event: 2960.435 Thread 0x000002157850ca60 nmethod 10125 0x00000215014d2910 code [0x00000215014d2ac0, 0x00000215014d2ca0]
Event: 2960.435 Thread 0x000002157850ca60 10126       3       java.util.concurrent.ScheduledThreadPoolExecutor$DelayedWorkQueue::add (9 bytes)
Event: 2960.436 Thread 0x000002157850ca60 nmethod 10126 0x00000215014d2d90 code [0x00000215014d2f60, 0x00000215014d3238]
Event: 2960.436 Thread 0x000002157850ca60 10127       3       java.util.concurrent.ScheduledThreadPoolExecutor$DelayedWorkQueue::add (6 bytes)
Event: 2960.436 Thread 0x000002157850ca60 nmethod 10127 0x00000215014d3310 code [0x00000215014d34c0, 0x00000215014d3618]
Event: 2980.442 Thread 0x000002157850ca60 10128       3       java.util.concurrent.locks.AbstractQueuedSynchronizer$ConditionObject::awaitNanos (202 bytes)
Event: 2980.444 Thread 0x000002157850ca60 nmethod 10128 0x00000215014d3710 code [0x00000215014d3a00, 0x00000215014d4820]
Event: 2984.367 Thread 0x000002157850ca60 10129       3       java.util.concurrent.ScheduledThreadPoolExecutor$DelayedWorkQueue::finishPoll (43 bytes)
Event: 2984.368 Thread 0x000002157850ca60 nmethod 10129 0x00000215014d4d90 code [0x00000215014d4f60, 0x00000215014d54e8]
Event: 2984.368 Thread 0x000002157850ca60 10130       3       java.util.concurrent.ScheduledThreadPoolExecutor$ScheduledFutureTask::run (57 bytes)
Event: 2984.368 Thread 0x000002157850ca60 nmethod 10130 0x00000215014d5690 code [0x00000215014d58c0, 0x00000215014d5e30]
Event: 3040.496 Thread 0x0000021578498090 10131       4       java.util.concurrent.locks.AbstractQueuedSynchronizer$ConditionObject::signal (34 bytes)
Event: 3040.498 Thread 0x0000021578498090 nmethod 10131 0x00000215080ffc90 code [0x00000215080ffe40, 0x00000215080fff78]
Event: 3239.311 Thread 0x000002157850ca60 10132       3       java.lang.Module::getClassLoader (20 bytes)
Event: 3239.311 Thread 0x000002157850ca60 nmethod 10132 0x00000215014d6010 code [0x00000215014d61c0, 0x00000215014d63b8]
Event: 3314.521 Thread 0x000002157850ca60 10133       1       org.eclipse.osgi.internal.framework.EquinoxContainer::getStorage (5 bytes)
Event: 3314.522 Thread 0x000002157850ca60 nmethod 10133 0x0000021508100090 code [0x0000021508100220, 0x00000215081002e8]

GC Heap History (20 events):
Event: 35.220 GC heap before
{Heap before GC invocations=60 (full 2):
 PSYoungGen      total 14336K, used 14212K [0x00000000d5580000, 0x00000000d6980000, 0x0000000100000000)
  eden space 13824K, 100% used [0x00000000d5580000,0x00000000d6300000,0x00000000d6300000)
  from space 512K, 75% used [0x00000000d6880000,0x00000000d68e12e0,0x00000000d6900000)
  to   space 512K, 0% used [0x00000000d6900000,0x00000000d6900000,0x00000000d6980000)
 ParOldGen       total 68608K, used 68500K [0x0000000080000000, 0x0000000084300000, 0x00000000d5580000)
  object space 68608K, 99% used [0x0000000080000000,0x00000000842e5178,0x0000000084300000)
 Metaspace       used 55493K, committed 56832K, reserved 1114112K
  class space    used 5916K, committed 6528K, reserved 1048576K
}
Event: 35.222 GC heap after
{Heap after GC invocations=60 (full 2):
 PSYoungGen      total 14336K, used 384K [0x00000000d5580000, 0x00000000d6980000, 0x0000000100000000)
  eden space 13824K, 0% used [0x00000000d5580000,0x00000000d5580000,0x00000000d6300000)
  from space 512K, 75% used [0x00000000d6900000,0x00000000d6960150,0x00000000d6980000)
  to   space 512K, 0% used [0x00000000d6880000,0x00000000d6880000,0x00000000d6900000)
 ParOldGen       total 69120K, used 68670K [0x0000000080000000, 0x0000000084380000, 0x00000000d5580000)
  object space 69120K, 99% used [0x0000000080000000,0x000000008430fa40,0x0000000084380000)
 Metaspace       used 55493K, committed 56832K, reserved 1114112K
  class space    used 5916K, committed 6528K, reserved 1048576K
}
Event: 35.297 GC heap before
{Heap before GC invocations=61 (full 2):
 PSYoungGen      total 14336K, used 14208K [0x00000000d5580000, 0x00000000d6980000, 0x0000000100000000)
  eden space 13824K, 100% used [0x00000000d5580000,0x00000000d6300000,0x00000000d6300000)
  from space 512K, 75% used [0x00000000d6900000,0x00000000d6960150,0x00000000d6980000)
  to   space 512K, 0% used [0x00000000d6880000,0x00000000d6880000,0x00000000d6900000)
 ParOldGen       total 69120K, used 68670K [0x0000000080000000, 0x0000000084380000, 0x00000000d5580000)
  object space 69120K, 99% used [0x0000000080000000,0x000000008430fa40,0x0000000084380000)
 Metaspace       used 55624K, committed 56960K, reserved 1114112K
  class space    used 5941K, committed 6528K, reserved 1048576K
}
Event: 35.299 GC heap after
{Heap after GC invocations=61 (full 2):
 PSYoungGen      total 14336K, used 491K [0x00000000d5580000, 0x00000000d6980000, 0x0000000100000000)
  eden space 13824K, 0% used [0x00000000d5580000,0x00000000d5580000,0x00000000d6300000)
  from space 512K, 96% used [0x00000000d6880000,0x00000000d68faec8,0x00000000d6900000)
  to   space 512K, 0% used [0x00000000d6900000,0x00000000d6900000,0x00000000d6980000)
 ParOldGen       total 69120K, used 69114K [0x0000000080000000, 0x0000000084380000, 0x00000000d5580000)
  object space 69120K, 99% used [0x0000000080000000,0x000000008437ea50,0x0000000084380000)
 Metaspace       used 55624K, committed 56960K, reserved 1114112K
  class space    used 5941K, committed 6528K, reserved 1048576K
}
Event: 35.407 GC heap before
{Heap before GC invocations=62 (full 2):
 PSYoungGen      total 14336K, used 14315K [0x00000000d5580000, 0x00000000d6980000, 0x0000000100000000)
  eden space 13824K, 100% used [0x00000000d5580000,0x00000000d6300000,0x00000000d6300000)
  from space 512K, 96% used [0x00000000d6880000,0x00000000d68faec8,0x00000000d6900000)
  to   space 512K, 0% used [0x00000000d6900000,0x00000000d6900000,0x00000000d6980000)
 ParOldGen       total 69120K, used 69114K [0x0000000080000000, 0x0000000084380000, 0x00000000d5580000)
  object space 69120K, 99% used [0x0000000080000000,0x000000008437ea50,0x0000000084380000)
 Metaspace       used 55924K, committed 57344K, reserved 1114112K
  class space    used 5992K, committed 6592K, reserved 1048576K
}
Event: 35.412 GC heap after
{Heap after GC invocations=62 (full 2):
 PSYoungGen      total 14336K, used 506K [0x00000000d5580000, 0x00000000d6980000, 0x0000000100000000)
  eden space 13824K, 0% used [0x00000000d5580000,0x00000000d5580000,0x00000000d6300000)
  from space 512K, 98% used [0x00000000d6900000,0x00000000d697e900,0x00000000d6980000)
  to   space 1536K, 0% used [0x00000000d6680000,0x00000000d6680000,0x00000000d6800000)
 ParOldGen       total 70144K, used 69766K [0x0000000080000000, 0x0000000084480000, 0x00000000d5580000)
  object space 70144K, 99% used [0x0000000080000000,0x0000000084421a60,0x0000000084480000)
 Metaspace       used 55924K, committed 57344K, reserved 1114112K
  class space    used 5992K, committed 6592K, reserved 1048576K
}
Event: 35.850 GC heap before
{Heap before GC invocations=63 (full 2):
 PSYoungGen      total 14336K, used 14330K [0x00000000d5580000, 0x00000000d6980000, 0x0000000100000000)
  eden space 13824K, 100% used [0x00000000d5580000,0x00000000d6300000,0x00000000d6300000)
  from space 512K, 98% used [0x00000000d6900000,0x00000000d697e900,0x00000000d6980000)
  to   space 1536K, 0% used [0x00000000d6680000,0x00000000d6680000,0x00000000d6800000)
 ParOldGen       total 70144K, used 69766K [0x0000000080000000, 0x0000000084480000, 0x00000000d5580000)
  object space 70144K, 99% used [0x0000000080000000,0x0000000084421a60,0x0000000084480000)
 Metaspace       used 56005K, committed 57408K, reserved 1114112K
  class space    used 5994K, committed 6592K, reserved 1048576K
}
Event: 35.852 GC heap after
{Heap after GC invocations=63 (full 2):
 PSYoungGen      total 15360K, used 704K [0x00000000d5580000, 0x00000000d6980000, 0x0000000100000000)
  eden space 13824K, 0% used [0x00000000d5580000,0x00000000d5580000,0x00000000d6300000)
  from space 1536K, 45% used [0x00000000d6680000,0x00000000d6730000,0x00000000d6800000)
  to   space 1024K, 0% used [0x00000000d6880000,0x00000000d6880000,0x00000000d6980000)
 ParOldGen       total 70656K, used 70255K [0x0000000080000000, 0x0000000084500000, 0x00000000d5580000)
  object space 70656K, 99% used [0x0000000080000000,0x000000008449bc70,0x0000000084500000)
 Metaspace       used 56005K, committed 57408K, reserved 1114112K
  class space    used 5994K, committed 6592K, reserved 1048576K
}
Event: 35.991 GC heap before
{Heap before GC invocations=64 (full 2):
 PSYoungGen      total 15360K, used 14528K [0x00000000d5580000, 0x00000000d6980000, 0x0000000100000000)
  eden space 13824K, 100% used [0x00000000d5580000,0x00000000d6300000,0x00000000d6300000)
  from space 1536K, 45% used [0x00000000d6680000,0x00000000d6730000,0x00000000d6800000)
  to   space 1024K, 0% used [0x00000000d6880000,0x00000000d6880000,0x00000000d6980000)
 ParOldGen       total 70656K, used 70255K [0x0000000080000000, 0x0000000084500000, 0x00000000d5580000)
  object space 70656K, 99% used [0x0000000080000000,0x000000008449bc70,0x0000000084500000)
 Metaspace       used 56172K, committed 57664K, reserved 1114112K
  class space    used 6014K, committed 6656K, reserved 1048576K
}
Event: 35.993 GC heap after
{Heap after GC invocations=64 (full 2):
 PSYoungGen      total 14848K, used 1015K [0x00000000d5580000, 0x00000000d6980000, 0x0000000100000000)
  eden space 13824K, 0% used [0x00000000d5580000,0x00000000d5580000,0x00000000d6300000)
  from space 1024K, 99% used [0x00000000d6880000,0x00000000d697dc20,0x00000000d6980000)
  to   space 2048K, 0% used [0x00000000d6580000,0x00000000d6580000,0x00000000d6780000)
 ParOldGen       total 71168K, used 71055K [0x0000000080000000, 0x0000000084580000, 0x00000000d5580000)
  object space 71168K, 99% used [0x0000000080000000,0x0000000084563c70,0x0000000084580000)
 Metaspace       used 56172K, committed 57664K, reserved 1114112K
  class space    used 6014K, committed 6656K, reserved 1048576K
}
Event: 36.143 GC heap before
{Heap before GC invocations=65 (full 2):
 PSYoungGen      total 14848K, used 14839K [0x00000000d5580000, 0x00000000d6980000, 0x0000000100000000)
  eden space 13824K, 100% used [0x00000000d5580000,0x00000000d6300000,0x00000000d6300000)
  from space 1024K, 99% used [0x00000000d6880000,0x00000000d697dc20,0x00000000d6980000)
  to   space 2048K, 0% used [0x00000000d6580000,0x00000000d6580000,0x00000000d6780000)
 ParOldGen       total 71168K, used 71055K [0x0000000080000000, 0x0000000084580000, 0x00000000d5580000)
  object space 71168K, 99% used [0x0000000080000000,0x0000000084563c70,0x0000000084580000)
 Metaspace       used 56321K, committed 57792K, reserved 1114112K
  class space    used 6033K, committed 6656K, reserved 1048576K
}
Event: 36.145 GC heap after
{Heap after GC invocations=65 (full 2):
 PSYoungGen      total 15872K, used 864K [0x00000000d5580000, 0x00000000d6900000, 0x0000000100000000)
  eden space 13824K, 0% used [0x00000000d5580000,0x00000000d5580000,0x00000000d6300000)
  from space 2048K, 42% used [0x00000000d6580000,0x00000000d6658000,0x00000000d6780000)
  to   space 1536K, 0% used [0x00000000d6780000,0x00000000d6780000,0x00000000d6900000)
 ParOldGen       total 72192K, used 72031K [0x0000000080000000, 0x0000000084680000, 0x00000000d5580000)
  object space 72192K, 99% used [0x0000000080000000,0x0000000084657dd0,0x0000000084680000)
 Metaspace       used 56321K, committed 57792K, reserved 1114112K
  class space    used 6033K, committed 6656K, reserved 1048576K
}
Event: 36.253 GC heap before
{Heap before GC invocations=66 (full 2):
 PSYoungGen      total 15872K, used 14688K [0x00000000d5580000, 0x00000000d6900000, 0x0000000100000000)
  eden space 13824K, 100% used [0x00000000d5580000,0x00000000d6300000,0x00000000d6300000)
  from space 2048K, 42% used [0x00000000d6580000,0x00000000d6658000,0x00000000d6780000)
  to   space 1536K, 0% used [0x00000000d6780000,0x00000000d6780000,0x00000000d6900000)
 ParOldGen       total 103936K, used 102751K [0x0000000080000000, 0x0000000086580000, 0x00000000d5580000)
  object space 103936K, 98% used [0x0000000080000000,0x0000000086457e00,0x0000000086580000)
 Metaspace       used 56652K, committed 58176K, reserved 1114112K
  class space    used 6063K, committed 6720K, reserved 1048576K
}
Event: 36.256 GC heap after
{Heap after GC invocations=66 (full 2):
 PSYoungGen      total 14848K, used 549K [0x00000000d5580000, 0x00000000d6880000, 0x0000000100000000)
  eden space 13824K, 0% used [0x00000000d5580000,0x00000000d5580000,0x00000000d6300000)
  from space 1024K, 53% used [0x00000000d6780000,0x00000000d6809440,0x00000000d6880000)
  to   space 1024K, 0% used [0x00000000d6680000,0x00000000d6680000,0x00000000d6780000)
 ParOldGen       total 103936K, used 103527K [0x0000000080000000, 0x0000000086580000, 0x00000000d5580000)
  object space 103936K, 99% used [0x0000000080000000,0x0000000086519e10,0x0000000086580000)
 Metaspace       used 56652K, committed 58176K, reserved 1114112K
  class space    used 6063K, committed 6720K, reserved 1048576K
}
Event: 36.392 GC heap before
{Heap before GC invocations=67 (full 2):
 PSYoungGen      total 14848K, used 14373K [0x00000000d5580000, 0x00000000d6880000, 0x0000000100000000)
  eden space 13824K, 100% used [0x00000000d5580000,0x00000000d6300000,0x00000000d6300000)
  from space 1024K, 53% used [0x00000000d6780000,0x00000000d6809440,0x00000000d6880000)
  to   space 1024K, 0% used [0x00000000d6680000,0x00000000d6680000,0x00000000d6780000)
 ParOldGen       total 103936K, used 103527K [0x0000000080000000, 0x0000000086580000, 0x00000000d5580000)
  object space 103936K, 99% used [0x0000000080000000,0x0000000086519e10,0x0000000086580000)
 Metaspace       used 56724K, committed 58176K, reserved 1114112K
  class space    used 6069K, committed 6720K, reserved 1048576K
}
Event: 36.394 GC heap after
{Heap after GC invocations=67 (full 2):
 PSYoungGen      total 14848K, used 288K [0x00000000d5580000, 0x00000000d6800000, 0x0000000100000000)
  eden space 13824K, 0% used [0x00000000d5580000,0x00000000d5580000,0x00000000d6300000)
  from space 1024K, 28% used [0x00000000d6680000,0x00000000d66c8000,0x00000000d6780000)
  to   space 512K, 0% used [0x00000000d6780000,0x00000000d6780000,0x00000000d6800000)
 ParOldGen       total 103936K, used 103918K [0x0000000080000000, 0x0000000086580000, 0x00000000d5580000)
  object space 103936K, 99% used [0x0000000080000000,0x000000008657b870,0x0000000086580000)
 Metaspace       used 56724K, committed 58176K, reserved 1114112K
  class space    used 6069K, committed 6720K, reserved 1048576K
}
Event: 36.530 GC heap before
{Heap before GC invocations=68 (full 2):
 PSYoungGen      total 14848K, used 14112K [0x00000000d5580000, 0x00000000d6800000, 0x0000000100000000)
  eden space 13824K, 100% used [0x00000000d5580000,0x00000000d6300000,0x00000000d6300000)
  from space 1024K, 28% used [0x00000000d6680000,0x00000000d66c8000,0x00000000d6780000)
  to   space 512K, 0% used [0x00000000d6780000,0x00000000d6780000,0x00000000d6800000)
 ParOldGen       total 103936K, used 103918K [0x0000000080000000, 0x0000000086580000, 0x00000000d5580000)
  object space 103936K, 99% used [0x0000000080000000,0x000000008657b870,0x0000000086580000)
 Metaspace       used 56767K, committed 58240K, reserved 1114112K
  class space    used 6074K, committed 6720K, reserved 1048576K
}
Event: 36.532 GC heap after
{Heap after GC invocations=68 (full 2):
 PSYoungGen      total 14336K, used 482K [0x00000000d5580000, 0x00000000d6800000, 0x0000000100000000)
  eden space 13824K, 0% used [0x00000000d5580000,0x00000000d5580000,0x00000000d6300000)
  from space 512K, 94% used [0x00000000d6780000,0x00000000d67f8818,0x00000000d6800000)
  to   space 1024K, 0% used [0x00000000d6600000,0x00000000d6600000,0x00000000d6700000)
 ParOldGen       total 104448K, used 104150K [0x0000000080000000, 0x0000000086600000, 0x00000000d5580000)
  object space 104448K, 99% used [0x0000000080000000,0x00000000865b5870,0x0000000086600000)
 Metaspace       used 56767K, committed 58240K, reserved 1114112K
  class space    used 6074K, committed 6720K, reserved 1048576K
}
Event: 36.728 GC heap before
{Heap before GC invocations=69 (full 2):
 PSYoungGen      total 14336K, used 14282K [0x00000000d5580000, 0x00000000d6800000, 0x0000000100000000)
  eden space 13824K, 99% used [0x00000000d5580000,0x00000000d62fa348,0x00000000d6300000)
  from space 512K, 94% used [0x00000000d6780000,0x00000000d67f8818,0x00000000d6800000)
  to   space 1024K, 0% used [0x00000000d6600000,0x00000000d6600000,0x00000000d6700000)
 ParOldGen       total 104448K, used 104150K [0x0000000080000000, 0x0000000086600000, 0x00000000d5580000)
  object space 104448K, 99% used [0x0000000080000000,0x00000000865b5870,0x0000000086600000)
 Metaspace       used 56819K, committed 58240K, reserved 1114112K
  class space    used 6077K, committed 6720K, reserved 1048576K
}
Event: 36.730 GC heap after
{Heap after GC invocations=69 (full 2):
 PSYoungGen      total 14848K, used 267K [0x00000000d5580000, 0x00000000d6800000, 0x0000000100000000)
  eden space 13824K, 0% used [0x00000000d5580000,0x00000000d5580000,0x00000000d6300000)
  from space 1024K, 26% used [0x00000000d6600000,0x00000000d6642cb8,0x00000000d6700000)
  to   space 512K, 0% used [0x00000000d6780000,0x00000000d6780000,0x00000000d6800000)
 ParOldGen       total 104448K, used 104390K [0x0000000080000000, 0x0000000086600000, 0x00000000d5580000)
  object space 104448K, 99% used [0x0000000080000000,0x00000000865f1870,0x0000000086600000)
 Metaspace       used 56819K, committed 58240K, reserved 1114112K
  class space    used 6077K, committed 6720K, reserved 1048576K
}

Dll operation events (10 events):
Event: 0.040 Loaded shared library c:\Users\Lenovo\.vscode\extensions\redhat.java-1.55.0-win32-x64\jre\21.0.11-win32-x86_64\bin\java.dll
Event: 0.723 Loaded shared library c:\Users\Lenovo\.vscode\extensions\redhat.java-1.55.0-win32-x64\jre\21.0.11-win32-x86_64\bin\zip.dll
Event: 0.816 Loaded shared library C:\Users\Lenovo\.vscode\extensions\redhat.java-1.55.0-win32-x64\jre\21.0.11-win32-x86_64\bin\instrument.dll
Event: 0.825 Loaded shared library C:\Users\Lenovo\.vscode\extensions\redhat.java-1.55.0-win32-x64\jre\21.0.11-win32-x86_64\bin\net.dll
Event: 0.830 Loaded shared library C:\Users\Lenovo\.vscode\extensions\redhat.java-1.55.0-win32-x64\jre\21.0.11-win32-x86_64\bin\nio.dll
Event: 0.836 Loaded shared library C:\Users\Lenovo\.vscode\extensions\redhat.java-1.55.0-win32-x64\jre\21.0.11-win32-x86_64\bin\zip.dll
Event: 0.885 Loaded shared library C:\Users\Lenovo\.vscode\extensions\redhat.java-1.55.0-win32-x64\jre\21.0.11-win32-x86_64\bin\jimage.dll
Event: 1.225 Loaded shared library c:\Users\Lenovo\.vscode\extensions\redhat.java-1.55.0-win32-x64\jre\21.0.11-win32-x86_64\bin\verify.dll
Event: 10.359 Loaded shared library C:\Users\Lenovo\AppData\Roaming\Code\User\globalStorage\redhat.java\1.55.0\config_win\org.eclipse.equinox.launcher\org.eclipse.equinox.launcher.win32.win32.x86_64_1.3.100.v20260613-0559\eclipse_11924.dll
Event: 16.723 Loaded shared library C:\Users\Lenovo\AppData\Local\Temp\jna--2022488749\jna2156400025030438890.dll

Deoptimization events (20 events):
Event: 333.679 Thread 0x000002157e117260 Uncommon trap: trap_request=0xffffffde fr.pc=0x00000215080e6390 relative=0x0000000000000450
Event: 333.679 Thread 0x000002157e117260 Uncommon trap: reason=class_check action=maybe_recompile pc=0x00000215080e6390 method=java.io.DataOutputStream.writeInt(I)V @ 19 c2
Event: 333.679 Thread 0x000002157e117260 DEOPT PACKING pc=0x00000215080e6390 sp=0x00000077178feed0
Event: 333.680 Thread 0x000002157e117260 DEOPT UNPACKING pc=0x0000021507583aa2 sp=0x00000077178fee78 mode 2
Event: 333.680 Thread 0x000002157e117260 Uncommon trap: trap_request=0xffffffde fr.pc=0x00000215080f7414 relative=0x0000000000000b54
Event: 333.680 Thread 0x000002157e117260 Uncommon trap: reason=class_check action=maybe_recompile pc=0x00000215080f7414 method=java.io.DataOutputStream.write([BII)V @ 7 c2
Event: 333.680 Thread 0x000002157e117260 DEOPT PACKING pc=0x00000215080f7414 sp=0x00000077178fed90
Event: 333.680 Thread 0x000002157e117260 DEOPT UNPACKING pc=0x0000021507583aa2 sp=0x00000077178fecc0 mode 2
Event: 333.680 Thread 0x000002157e117260 Uncommon trap: trap_request=0xffffffde fr.pc=0x00000215080f7414 relative=0x0000000000000b54
Event: 333.680 Thread 0x000002157e117260 Uncommon trap: reason=class_check action=maybe_recompile pc=0x00000215080f7414 method=java.io.DataOutputStream.write([BII)V @ 7 c2
Event: 333.680 Thread 0x000002157e117260 DEOPT PACKING pc=0x00000215080f7414 sp=0x00000077178fecd0
Event: 333.680 Thread 0x000002157e117260 DEOPT UNPACKING pc=0x0000021507583aa2 sp=0x00000077178fec00 mode 2
Event: 333.680 Thread 0x000002157e117260 Uncommon trap: trap_request=0xffffffde fr.pc=0x00000215080f7414 relative=0x0000000000000b54
Event: 333.680 Thread 0x000002157e117260 Uncommon trap: reason=class_check action=maybe_recompile pc=0x00000215080f7414 method=java.io.DataOutputStream.write([BII)V @ 7 c2
Event: 333.680 Thread 0x000002157e117260 DEOPT PACKING pc=0x00000215080f7414 sp=0x00000077178fec20
Event: 333.680 Thread 0x000002157e117260 DEOPT UNPACKING pc=0x0000021507583aa2 sp=0x00000077178feb50 mode 2
Event: 333.680 Thread 0x000002157e117260 Uncommon trap: trap_request=0xffffffde fr.pc=0x00000215080e6390 relative=0x0000000000000450
Event: 333.680 Thread 0x000002157e117260 Uncommon trap: reason=class_check action=maybe_recompile pc=0x00000215080e6390 method=java.io.DataOutputStream.writeInt(I)V @ 19 c2
Event: 333.680 Thread 0x000002157e117260 DEOPT PACKING pc=0x00000215080e6390 sp=0x00000077178feba0
Event: 333.680 Thread 0x000002157e117260 DEOPT UNPACKING pc=0x0000021507583aa2 sp=0x00000077178feb48 mode 2

Classes loaded (20 events):
Event: 38.186 Loading class sun/util/resources/TimeZoneNames_en
Event: 38.186 Loading class sun/util/resources/TimeZoneNames_en done
Event: 333.600 Loading class java/util/stream/Nodes$CollectorTask$OfRef
Event: 333.600 Loading class java/util/stream/Nodes$CollectorTask
Event: 333.600 Loading class java/util/stream/Nodes$CollectorTask done
Event: 333.600 Loading class java/util/stream/Nodes$CollectorTask$OfRef done
Event: 333.600 Loading class java/util/function/LongFunction
Event: 333.600 Loading class java/util/function/LongFunction done
Event: 333.601 Loading class java/util/stream/Nodes$ConcNode
Event: 333.601 Loading class java/util/stream/Nodes$AbstractConcNode
Event: 333.601 Loading class java/util/stream/Nodes$AbstractConcNode done
Event: 333.601 Loading class java/util/stream/Nodes$ConcNode done
Event: 333.627 Loading class java/io/ObjectOutputStream$BlockDataOutputStream
Event: 333.628 Loading class java/io/ObjectOutputStream$BlockDataOutputStream done
Event: 333.628 Loading class java/io/ObjectOutputStream$HandleTable
Event: 333.628 Loading class java/io/ObjectOutputStream$HandleTable done
Event: 333.628 Loading class java/io/ObjectOutputStream$ReplaceTable
Event: 333.628 Loading class java/io/ObjectOutputStream$ReplaceTable done
Event: 333.631 Loading class java/nio/charset/CharacterCodingException
Event: 333.631 Loading class java/nio/charset/CharacterCodingException done

Classes unloaded (7 events):
Event: 18.527 Thread 0x000002157848f6a0 Unloading class 0x00000215101a9400 'java/lang/invoke/LambdaForm$MH+0x00000215101a9400'
Event: 18.527 Thread 0x000002157848f6a0 Unloading class 0x00000215101a9000 'java/lang/invoke/LambdaForm$MH+0x00000215101a9000'
Event: 18.527 Thread 0x000002157848f6a0 Unloading class 0x00000215101a8c00 'java/lang/invoke/LambdaForm$MH+0x00000215101a8c00'
Event: 18.527 Thread 0x000002157848f6a0 Unloading class 0x00000215101a8800 'java/lang/invoke/LambdaForm$MH+0x00000215101a8800'
Event: 18.527 Thread 0x000002157848f6a0 Unloading class 0x00000215101a8400 'java/lang/invoke/LambdaForm$BMH+0x00000215101a8400'
Event: 18.527 Thread 0x000002157848f6a0 Unloading class 0x00000215101a8000 'java/lang/invoke/LambdaForm$DMH+0x00000215101a8000'
Event: 18.527 Thread 0x000002157848f6a0 Unloading class 0x00000215101a6c00 'java/lang/invoke/LambdaForm$DMH+0x00000215101a6c00'

Classes redefined (0 events):
No events

Internal exceptions (20 events):
Event: 33.542 Thread 0x00000215517cee30 Exception <a 'sun/nio/fs/WindowsException'{0x00000000d5e5a8a8}> (0x00000000d5e5a8a8) 
thrown [s\src\hotspot\share\prims\jni.cpp, line 520]
Event: 33.542 Thread 0x00000215517cee30 Exception <a 'sun/nio/fs/WindowsException'{0x00000000d5e5b188}> (0x00000000d5e5b188) 
thrown [s\src\hotspot\share\prims\jni.cpp, line 520]
Event: 33.792 Thread 0x000002157e117260 Implicit null exception at 0x0000021507e7c9a9 to 0x0000021507e7cfb4
Event: 33.850 Thread 0x000002157e117260 Implicit null exception at 0x0000021507fdcea9 to 0x0000021507fdd7d8
Event: 34.388 Thread 0x000002157e119330 Exception <a 'java/io/FileNotFoundException'{0x00000000d5f66008}> (0x00000000d5f66008) 
thrown [s\src\hotspot\share\prims\jni.cpp, line 520]
Event: 34.388 Thread 0x000002157e119330 Exception <a 'java/io/FileNotFoundException'{0x00000000d5f673a0}> (0x00000000d5f673a0) 
thrown [s\src\hotspot\share\prims\jni.cpp, line 520]
Event: 34.389 Thread 0x000002157e119330 Exception <a 'java/io/FileNotFoundException'{0x00000000d5f68648}> (0x00000000d5f68648) 
thrown [s\src\hotspot\share\prims\jni.cpp, line 520]
Event: 35.194 Thread 0x000002157e119330 Exception <a 'java/lang/NoSuchMethodError'{0x00000000d5bab500}: 'java.lang.Object java.lang.invoke.DirectMethodHandle$Holder.newInvokeSpecial(java.lang.Object, java.lang.Object, int, java.lang.Object, java.lang.Object)'> (0x00000000d5bab500) 
thrown [s\src\hotspot\share\interpreter\linkResolver.cpp, line 773]
Event: 35.211 Thread 0x000002157e119330 Exception <a 'java/lang/NoSuchMethodError'{0x00000000d5ff2518}: 'java.lang.Object java.lang.invoke.DirectMethodHandle$Holder.invokeStatic(java.lang.Object, java.lang.Object, int, java.lang.Object, java.lang.Object)'> (0x00000000d5ff2518) 
thrown [s\src\hotspot\share\interpreter\linkResolver.cpp, line 773]
Event: 35.215 Thread 0x000002157e119330 Exception <a 'java/lang/NoSuchMethodError'{0x00000000d61a4200}: 'java.lang.Object java.lang.invoke.DirectMethodHandle$Holder.newInvokeSpecial(java.lang.Object, java.lang.Object, int)'> (0x00000000d61a4200) 
thrown [s\src\hotspot\share\interpreter\linkResolver.cpp, line 773]
Event: 35.231 Thread 0x000002157e119330 Exception <a 'java/lang/NoSuchMethodError'{0x00000000d5708748}: 'void java.lang.invoke.DirectMethodHandle$Holder.invokeStatic(java.lang.Object, int)'> (0x00000000d5708748) 
thrown [s\src\hotspot\share\interpreter\linkResolver.cpp, line 773]
Event: 35.345 Thread 0x000002157e119330 Exception <a 'java/io/FileNotFoundException'{0x00000000d5e7fe18}> (0x00000000d5e7fe18) 
thrown [s\src\hotspot\share\prims\jni.cpp, line 520]
Event: 35.345 Thread 0x000002157e119330 Exception <a 'java/io/FileNotFoundException'{0x00000000d5e810c0}> (0x00000000d5e810c0) 
thrown [s\src\hotspot\share\prims\jni.cpp, line 520]
Event: 35.346 Thread 0x000002157e119330 Exception <a 'java/io/FileNotFoundException'{0x00000000d5e820b8}> (0x00000000d5e820b8) 
thrown [s\src\hotspot\share\prims\jni.cpp, line 520]
Event: 35.910 Thread 0x000002157e119330 Implicit null exception at 0x0000021507dcde88 to 0x0000021507dcead0
Event: 333.614 Thread 0x000002157e117260 Exception <a 'sun/nio/fs/WindowsException'{0x00000000d5a5cfc0}> (0x00000000d5a5cfc0) 
thrown [s\src\hotspot\share\prims\jni.cpp, line 520]
Event: 333.615 Thread 0x000002157e117260 Exception <a 'sun/nio/fs/WindowsException'{0x00000000d5a5d8a0}> (0x00000000d5a5d8a0) 
thrown [s\src\hotspot\share\prims\jni.cpp, line 520]
Event: 333.616 Thread 0x000002157e117260 Implicit null exception at 0x00000215080dc889 to 0x00000215080dcc3c
Event: 333.677 Thread 0x000002157e117260 Exception <a 'java/lang/NoSuchMethodError'{0x00000000d5afa488}: static [J.<clinit>()V> (0x00000000d5afa488) 
thrown [s\src\hotspot\share\prims\jni.cpp, line 1111]
Event: 333.681 Thread 0x000002157e117260 Exception <a 'java/lang/NoSuchMethodError'{0x00000000d5b25938}: 'java.lang.Object java.lang.invoke.DirectMethodHandle$Holder.newInvokeSpecial(java.lang.Object, java.lang.Object, java.lang.Object, java.lang.Object, java.lang.Object, java.lang.Object, java.lang.Object, java.lang.Object)'> (0x00000000d5b25938) 
thrown [s\src\hotspot\share\interpreter\linkResolver.cpp, line 773]

ZGC Phase Switch (0 events):
No events

VM Operations (20 events):
Event: 2462.726 Executing non-safepoint VM operation: HandshakeAllThreads (HandshakeForDeflation)
Event: 2462.726 Executing non-safepoint VM operation: HandshakeAllThreads (HandshakeForDeflation) done
Event: 2462.727 Executing non-safepoint VM operation: RendezvousGCThreads
Event: 2462.727 Executing non-safepoint VM operation: RendezvousGCThreads done
Event: 2522.972 Executing non-safepoint VM operation: HandshakeAllThreads (HandshakeForDeflation)
Event: 2522.972 Executing non-safepoint VM operation: HandshakeAllThreads (HandshakeForDeflation) done
Event: 2522.975 Executing non-safepoint VM operation: RendezvousGCThreads
Event: 2522.975 Executing non-safepoint VM operation: RendezvousGCThreads done
Event: 2620.226 Executing safepoint VM operation: Cleanup
Event: 2620.226 Executing safepoint VM operation: Cleanup done
Event: 2643.273 Executing non-safepoint VM operation: HandshakeAllThreads (HandshakeForDeflation)
Event: 2643.273 Executing non-safepoint VM operation: HandshakeAllThreads (HandshakeForDeflation) done
Event: 2643.273 Executing non-safepoint VM operation: RendezvousGCThreads
Event: 2643.273 Executing non-safepoint VM operation: RendezvousGCThreads done
Event: 2823.454 Executing non-safepoint VM operation: HandshakeAllThreads (HandshakeForDeflation)
Event: 2823.454 Executing non-safepoint VM operation: HandshakeAllThreads (HandshakeForDeflation) done
Event: 2823.454 Executing non-safepoint VM operation: RendezvousGCThreads
Event: 2823.454 Executing non-safepoint VM operation: RendezvousGCThreads done
Event: 2961.364 Executing safepoint VM operation: Cleanup
Event: 2961.364 Executing safepoint VM operation: Cleanup done

Memory protections (0 events):
No events

Nmethod flushes (20 events):
Event: 22.334 Thread 0x000002157848f6a0 flushing  nmethod 0x000002150062d410
Event: 22.334 Thread 0x000002157848f6a0 flushing  nmethod 0x0000021500660e10
Event: 22.334 Thread 0x000002157848f6a0 flushing  nmethod 0x0000021500662710
Event: 22.334 Thread 0x000002157848f6a0 flushing  nmethod 0x0000021500663010
Event: 22.334 Thread 0x000002157848f6a0 flushing  nmethod 0x0000021500664210
Event: 22.334 Thread 0x000002157848f6a0 flushing  nmethod 0x0000021500664a10
Event: 22.334 Thread 0x000002157848f6a0 flushing  nmethod 0x0000021500666710
Event: 22.334 Thread 0x000002157848f6a0 flushing  nmethod 0x0000021500666c10
Event: 22.334 Thread 0x000002157848f6a0 flushing  nmethod 0x0000021500667110
Event: 22.334 Thread 0x000002157848f6a0 flushing  nmethod 0x0000021500667910
Event: 22.334 Thread 0x000002157848f6a0 flushing  nmethod 0x0000021500668e10
Event: 22.334 Thread 0x000002157848f6a0 flushing  nmethod 0x0000021500669810
Event: 22.334 Thread 0x000002157848f6a0 flushing  nmethod 0x0000021500674e10
Event: 22.334 Thread 0x000002157848f6a0 flushing  nmethod 0x00000215006be610
Event: 22.334 Thread 0x000002157848f6a0 flushing  nmethod 0x00000215006c2c10
Event: 22.334 Thread 0x000002157848f6a0 flushing  nmethod 0x00000215006ca910
Event: 22.334 Thread 0x000002157848f6a0 flushing  nmethod 0x000002150070d690
Event: 22.334 Thread 0x000002157848f6a0 flushing  nmethod 0x0000021500734790
Event: 22.334 Thread 0x000002157848f6a0 flushing  nmethod 0x0000021500765a90
Event: 22.334 Thread 0x000002157848f6a0 flushing  nmethod 0x0000021500789f90

Events (20 events):
Event: 35.892 Thread 0x00000215517d2940 Thread exited: 0x00000215517d2940
Event: 35.893 Thread 0x00000215517d50a0 Thread exited: 0x00000215517d50a0
Event: 37.818 Thread 0x0000021551318700 Thread exited: 0x0000021551318700
Event: 37.884 Thread 0x000002157850ca60 Thread added: 0x0000021551315e20
Event: 43.192 Thread 0x0000021551315e20 Thread exited: 0x0000021551315e20
Event: 93.722 Thread 0x000002157e118ca0 Thread exited: 0x000002157e118ca0
Event: 94.333 Thread 0x000002157e116540 Thread exited: 0x000002157e116540
Event: 94.348 Thread 0x00000215517cee30 Thread exited: 0x00000215517cee30
Event: 96.509 Thread 0x000002157e119330 Thread exited: 0x000002157e119330
Event: 154.375 Thread 0x00000215517d4a10 Thread exited: 0x00000215517d4a10
Event: 214.391 Thread 0x00000215517d2fd0 Thread exited: 0x00000215517d2fd0
Event: 327.496 Thread 0x00000215517d01e0 Thread exited: 0x00000215517d01e0
Event: 333.598 Thread 0x000002157e117260 Thread added: 0x00000215517d01e0
Event: 333.601 Thread 0x00000215517d01e0 Thread exited: 0x00000215517d01e0
Event: 333.617 Thread 0x000002157e117260 Thread added: 0x00000215517cee30
Event: 333.625 Thread 0x00000215517cee30 Thread exited: 0x00000215517cee30
Event: 333.648 Thread 0x0000021578498090 Thread added: 0x0000021551316bc0
Event: 333.795 Thread 0x0000021551316bc0 Thread exited: 0x0000021551316bc0
Event: 1773.156 Thread 0x00000215517d22b0 Thread exited: 0x00000215517d22b0
Event: 2073.168 Thread 0x00000215517ce7a0 Thread exited: 0x00000215517ce7a0


Dynamic libraries:
0x00007ff6c92e0000 - 0x00007ff6c92ee000 	c:\Users\Lenovo\.vscode\extensions\redhat.java-1.55.0-win32-x64\jre\21.0.11-win32-x86_64\bin\java.exe
0x00007ff91fa80000 - 0x00007ff91fce6000 	C:\WINDOWS\SYSTEM32\ntdll.dll
0x00007ff91e990000 - 0x00007ff91ea59000 	C:\WINDOWS\System32\KERNEL32.DLL
0x00007ff91d2e0000 - 0x00007ff91d6e0000 	C:\WINDOWS\System32\KERNELBASE.dll
0x00007ff91d150000 - 0x00007ff91d29c000 	C:\WINDOWS\System32\ucrtbase.dll
0x00007ff90fa70000 - 0x00007ff90fa88000 	c:\Users\Lenovo\.vscode\extensions\redhat.java-1.55.0-win32-x64\jre\21.0.11-win32-x86_64\bin\jli.dll
0x00007ff91daf0000 - 0x00007ff91dcb7000 	C:\WINDOWS\System32\USER32.dll
0x00007ff91d2b0000 - 0x00007ff91d2d7000 	C:\WINDOWS\System32\win32u.dll
0x00007ff91f790000 - 0x00007ff91f7bb000 	C:\WINDOWS\System32\GDI32.dll
0x00007ff91cdf0000 - 0x00007ff91cf19000 	C:\WINDOWS\System32\gdi32full.dll
0x00007ff91d0a0000 - 0x00007ff91d143000 	C:\WINDOWS\System32\msvcp_win.dll
0x00007ff90b8a0000 - 0x00007ff90b8be000 	c:\Users\Lenovo\.vscode\extensions\redhat.java-1.55.0-win32-x64\jre\21.0.11-win32-x86_64\bin\VCRUNTIME140.dll
0x00007ff906930000 - 0x00007ff906bc2000 	C:\WINDOWS\WinSxS\amd64_microsoft.windows.common-controls_6595b64144ccf1df_6.0.26100.8737_none_3e092eaee333b772\COMCTL32.dll
0x00007ff91efa0000 - 0x00007ff91f049000 	C:\WINDOWS\System32\msvcrt.dll
0x00007ff91f590000 - 0x00007ff91f5c2000 	C:\WINDOWS\System32\IMM32.DLL
0x00007ff916b60000 - 0x00007ff916b6c000 	c:\Users\Lenovo\.vscode\extensions\redhat.java-1.55.0-win32-x64\jre\21.0.11-win32-x86_64\bin\vcruntime140_1.dll
0x00007ff90b500000 - 0x00007ff90b58d000 	c:\Users\Lenovo\.vscode\extensions\redhat.java-1.55.0-win32-x64\jre\21.0.11-win32-x86_64\bin\msvcp140.dll
0x00007ff8a2f50000 - 0x00007ff8a3cf2000 	c:\Users\Lenovo\.vscode\extensions\redhat.java-1.55.0-win32-x64\jre\21.0.11-win32-x86_64\bin\server\jvm.dll
0x00007ff91f6d0000 - 0x00007ff91f787000 	C:\WINDOWS\System32\ADVAPI32.dll
0x00007ff91dd20000 - 0x00007ff91ddca000 	C:\WINDOWS\System32\sechost.dll
0x00007ff91eba0000 - 0x00007ff91ecb8000 	C:\WINDOWS\System32\RPCRT4.dll
0x00007ff91f500000 - 0x00007ff91f580000 	C:\WINDOWS\System32\WS2_32.dll
0x00007ff91cb00000 - 0x00007ff91cb5e000 	C:\WINDOWS\SYSTEM32\POWRPROF.dll
0x00007ff909590000 - 0x00007ff9095c6000 	C:\WINDOWS\SYSTEM32\WINMM.dll
0x00007ff90da60000 - 0x00007ff90da6b000 	C:\WINDOWS\SYSTEM32\VERSION.dll
0x00007ff91cae0000 - 0x00007ff91caf4000 	C:\WINDOWS\SYSTEM32\UMPDC.dll
0x00007ff91b960000 - 0x00007ff91b97b000 	C:\WINDOWS\SYSTEM32\kernel.appcore.dll
0x00007ff916b10000 - 0x00007ff916b1a000 	c:\Users\Lenovo\.vscode\extensions\redhat.java-1.55.0-win32-x64\jre\21.0.11-win32-x86_64\bin\jimage.dll
0x00007ff91a250000 - 0x00007ff91a492000 	C:\WINDOWS\SYSTEM32\DBGHELP.DLL
0x00007ff91e600000 - 0x00007ff91e983000 	C:\WINDOWS\System32\combase.dll
0x00007ff91ea70000 - 0x00007ff91eb49000 	C:\WINDOWS\System32\OLEAUT32.dll
0x00007ff905e90000 - 0x00007ff905ecb000 	C:\WINDOWS\SYSTEM32\dbgcore.DLL
0x00007ff91cca0000 - 0x00007ff91cd4c000 	C:\WINDOWS\System32\bcryptPrimitives.dll
0x00007ff910f30000 - 0x00007ff910f3f000 	c:\Users\Lenovo\.vscode\extensions\redhat.java-1.55.0-win32-x64\jre\21.0.11-win32-x86_64\bin\instrument.dll
0x00007ff90b800000 - 0x00007ff90b820000 	c:\Users\Lenovo\.vscode\extensions\redhat.java-1.55.0-win32-x64\jre\21.0.11-win32-x86_64\bin\java.dll
0x00007ff91ddd0000 - 0x00007ff91e562000 	C:\WINDOWS\System32\SHELL32.dll
0x00007ff91a720000 - 0x00007ff91afb2000 	C:\WINDOWS\SYSTEM32\windows.storage.dll
0x00007ff91ecc0000 - 0x00007ff91edb7000 	C:\WINDOWS\System32\SHCORE.dll
0x00007ff91f660000 - 0x00007ff91f6c7000 	C:\WINDOWS\System32\shlwapi.dll
0x00007ff91cbc0000 - 0x00007ff91cbe9000 	C:\WINDOWS\SYSTEM32\profapi.dll
0x00007ff90b610000 - 0x00007ff90b628000 	c:\Users\Lenovo\.vscode\extensions\redhat.java-1.55.0-win32-x64\jre\21.0.11-win32-x86_64\bin\zip.dll
0x00007ff910cd0000 - 0x00007ff910ce0000 	C:\Users\Lenovo\.vscode\extensions\redhat.java-1.55.0-win32-x64\jre\21.0.11-win32-x86_64\bin\net.dll
0x00007ff90f390000 - 0x00007ff90f4b9000 	C:\WINDOWS\SYSTEM32\WINHTTP.dll
0x00007ff91bf30000 - 0x00007ff91bf9c000 	C:\WINDOWS\system32\mswsock.dll
0x00007ff90b4e0000 - 0x00007ff90b4f6000 	C:\Users\Lenovo\.vscode\extensions\redhat.java-1.55.0-win32-x64\jre\21.0.11-win32-x86_64\bin\nio.dll
0x00007ff910bb0000 - 0x00007ff910bc0000 	c:\Users\Lenovo\.vscode\extensions\redhat.java-1.55.0-win32-x64\jre\21.0.11-win32-x86_64\bin\verify.dll
0x00007ff909ca0000 - 0x00007ff909ce5000 	C:\Users\Lenovo\AppData\Roaming\Code\User\globalStorage\redhat.java\1.55.0\config_win\org.eclipse.equinox.launcher\org.eclipse.equinox.launcher.win32.win32.x86_64_1.3.100.v20260613-0559\eclipse_11924.dll
0x00007ff91f8a0000 - 0x00007ff91fa39000 	C:\WINDOWS\System32\ole32.dll
0x00007ff91c230000 - 0x00007ff91c24b000 	C:\WINDOWS\SYSTEM32\CRYPTSP.dll
0x00007ff91b8c0000 - 0x00007ff91b8f9000 	C:\WINDOWS\system32\rsaenh.dll
0x00007ff91bff0000 - 0x00007ff91c022000 	C:\WINDOWS\SYSTEM32\USERENV.dll
0x00007ff91cb90000 - 0x00007ff91cbba000 	C:\WINDOWS\SYSTEM32\bcrypt.dll
0x00007ff91c250000 - 0x00007ff91c25c000 	C:\WINDOWS\SYSTEM32\CRYPTBASE.dll
0x00007ff91b350000 - 0x00007ff91b383000 	C:\WINDOWS\SYSTEM32\IPHLPAPI.DLL
0x00007ff91ea60000 - 0x00007ff91ea6a000 	C:\WINDOWS\System32\NSI.dll
0x00007ff90b940000 - 0x00007ff90b989000 	C:\Users\Lenovo\AppData\Local\Temp\jna--2022488749\jna2156400025030438890.dll
0x00007ff91f4e0000 - 0x00007ff91f4e8000 	C:\WINDOWS\System32\PSAPI.DLL
0x00007ff90f2a0000 - 0x00007ff90f2bd000 	C:\WINDOWS\SYSTEM32\dhcpcsvc6.DLL
0x00007ff90f270000 - 0x00007ff90f295000 	C:\WINDOWS\SYSTEM32\dhcpcsvc.DLL

JVMTI agents:
c:\Users\Lenovo\.vscode\extensions\redhat.java-1.55.0-win32-x64\lombok\lombok-1.18.39-4050.jar path:c:\Users\Lenovo\.vscode\extensions\redhat.java-1.55.0-win32-x64\jre\21.0.11-win32-x86_64\bin\instrument.dll, loaded, initialized, instrumentlib options:none

dbghelp: loaded successfully - version: 4.0.5 - missing functions: none
symbol engine: initialized successfully - sym options: 0x614 - pdb path: .;c:\Users\Lenovo\.vscode\extensions\redhat.java-1.55.0-win32-x64\jre\21.0.11-win32-x86_64\bin;C:\WINDOWS\SYSTEM32;C:\WINDOWS\WinSxS\amd64_microsoft.windows.common-controls_6595b64144ccf1df_6.0.26100.8737_none_3e092eaee333b772;c:\Users\Lenovo\.vscode\extensions\redhat.java-1.55.0-win32-x64\jre\21.0.11-win32-x86_64\bin\server;C:\Users\Lenovo\AppData\Roaming\Code\User\globalStorage\redhat.java\1.55.0\config_win\org.eclipse.equinox.launcher\org.eclipse.equinox.launcher.win32.win32.x86_64_1.3.100.v20260613-0559;C:\Users\Lenovo\AppData\Local\Temp\jna--2022488749

VM Arguments:
jvm_args: --add-modules=ALL-SYSTEM --add-opens=java.base/java.util=ALL-UNNAMED --add-opens=java.base/java.lang=ALL-UNNAMED --add-opens=java.base/sun.nio.fs=ALL-UNNAMED -Declipse.application=org.eclipse.jdt.ls.core.id1 -Dosgi.bundles.defaultStartLevel=4 -Declipse.product=org.eclipse.jdt.ls.core.product -Djava.import.generatesMetadataFilesAtProjectRoot=false -DDetectVMInstallationsJob.disabled=true -Dfile.encoding=utf8 -XX:+UseParallelGC -XX:GCTimeRatio=4 -XX:AdaptiveSizePolicyWeight=90 -Dsun.zip.disableMemoryMapping=true -Xmx2G -Xms100m -Xlog:disable -javaagent:c:\Users\Lenovo\.vscode\extensions\redhat.java-1.55.0-win32-x64\lombok\lombok-1.18.39-4050.jar -XX:+HeapDumpOnOutOfMemoryError -XX:HeapDumpPath=c:\Users\Lenovo\AppData\Roaming\Code\User\workspaceStorage\6510937284bec20cd9c82b66bb8087bd\redhat.java -Daether.dependencyCollector.impl=bf 
java_command: c:\Users\Lenovo\.vscode\extensions\redhat.java-1.55.0-win32-x64\server\plugins\org.eclipse.equinox.launcher_1.7.200.v20260619-2039.jar -configuration c:\Users\Lenovo\AppData\Roaming\Code\User\globalStorage\redhat.java\1.55.0\config_win -data c:\Users\Lenovo\AppData\Roaming\Code\User\workspaceStorage\6510937284bec20cd9c82b66bb8087bd\redhat.java\jdt_ws --pipe=\\.\pipe\lsp-9b52b19541cd0437ecde925471f1612d-sock
java_class_path (initial): c:\Users\Lenovo\.vscode\extensions\redhat.java-1.55.0-win32-x64\server\plugins\org.eclipse.equinox.launcher_1.7.200.v20260619-2039.jar
Launcher Type: SUN_STANDARD

[Global flags]
    uintx AdaptiveSizePolicyWeight                 = 90                                        {product} {command line}
     intx CICompilerCount                          = 3                                         {product} {ergonomic}
    uintx GCTimeRatio                              = 4                                         {product} {command line}
     bool HeapDumpOnOutOfMemoryError               = true                                   {manageable} {command line}
    ccstr HeapDumpPath                             = c:\Users\Lenovo\AppData\Roaming\Code\User\workspaceStorage\6510937284bec20cd9c82b66bb8087bd\redhat.java         {manageable} {command line}
   size_t InitialHeapSize                          = 104857600                                 {product} {command line}
   size_t MaxHeapSize                              = 2147483648                                {product} {command line}
   size_t MaxNewSize                               = 715653120                                 {product} {ergonomic}
   size_t MinHeapDeltaBytes                        = 524288                                    {product} {ergonomic}
   size_t MinHeapSize                              = 104857600                                 {product} {command line}
   size_t NewSize                                  = 34603008                                  {product} {ergonomic}
    uintx NonNMethodCodeHeapSize                   = 5832780                                {pd product} {ergonomic}
    uintx NonProfiledCodeHeapSize                  = 122912730                              {pd product} {ergonomic}
   size_t OldSize                                  = 70254592                                  {product} {ergonomic}
    uintx ProfiledCodeHeapSize                     = 122912730                              {pd product} {ergonomic}
    uintx ReservedCodeCacheSize                    = 251658240                              {pd product} {ergonomic}
     bool SegmentedCodeCache                       = true                                      {product} {ergonomic}
   size_t SoftMaxHeapSize                          = 2147483648                             {manageable} {ergonomic}
     bool UseCompressedOops                        = true                           {product lp64_product} {ergonomic}
     bool UseLargePagesIndividualAllocation        = false                                  {pd product} {ergonomic}
     bool UseParallelGC                            = true                                      {product} {command line}

Logging:
Log output configuration:
 #0: stdout all=off uptime,level,tags foldmultilines=false
 #1: stderr all=off uptime,level,tags foldmultilines=false

Release file:
JAVA_VERSION="21.0.11" 
MODULES="java.base java.compiler java.datatransfer java.xml java.prefs java.desktop java.instrument java.logging java.management java.security.sasl java.naming java.rmi java.management.rmi java.net.http java.scripting java.security.jgss java.transaction.xa java.sql java.sql.rowset java.xml.crypto java.se java.smartcardio jdk.accessibility jdk.internal.jvmstat jdk.attach jdk.charsets jdk.internal.opt jdk.zipfs jdk.compiler jdk.crypto.ec jdk.crypto.cryptoki jdk.crypto.mscapi jdk.dynalink jdk.internal.ed jdk.editpad jdk.hotspot.agent jdk.httpserver jdk.internal.le jdk.internal.vm.ci jdk.internal.vm.compiler jdk.internal.vm.compiler.management jdk.jartool jdk.javadoc jdk.jcmd jdk.management jdk.management.agent jdk.jconsole jdk.jdeps jdk.jdwp.agent jdk.jdi jdk.jfr jdk.jshell jdk.jsobject jdk.jstatd jdk.localedata jdk.management.jfr jdk.naming.dns jdk.naming.rmi jdk.net jdk.nio.mapmode jdk.random jdk.sctp jdk.security.auth jdk.security.jgss jdk.unsupported jdk.unsupported.desktop jdk.xml.dom" 

Environment Variables:
JAVA_HOME=C:\Program Files\Java\jdk-19
PATH=C:\Users\Lenovo\AppData\Local\Programs\Microsoft VS Code;C:\Program Files\Common Files\Oracle\Java\javapath;F:\oracle\product\10.2.0\db_1\bin;C:\WINDOWS\system32;C:\WINDOWS;C:\WINDOWS\System32\Wbem;C:\WINDOWS\System32\WindowsPowerShell\v1.0\;C:\WINDOWS\System32\OpenSSH\;C:\maven\apache-maven-3.9.0\bin;C:\Program Files\Java\jdk-19\bin;C:\Program Files\Python311\Scripts;C:\Program Files\Python311;C:\Program Files\Python311\Lib;C:\Program Files\Python311\libs;C:\Program Files\Python311\DLLs;C:\Program Files\MySQL\MySQL Server 8.0\bin;C:\Users\Lenovo\AppData\Local\Android\Sdk;C:\Users\Lenovo\AppData\Local\Android\Sdk\platform-tools;C:\Users\Lenovo\AppData\Local\Android\Sdk\tools;C:\Users\Lenovo\AppData\Local\Android\Sdk\build-tools;C:\Program Files\Java\jdk-19\bin;C:\Users\Lenovo\AppData\Local\Android\Sdk\tools\bin;C:\Program Files\nodejs;C:\allure-2.22.0\bin;C:\Users\Lenovo\AppData\Local\Android\Sdk\platforms;C:\ProgramData\chocolatey\bin;C:\Program Files\Git\cmd;C:\Program Files\dotnet\;;C:\Program Files\Docker\Docker\resources\bin;C:\Program Files\nodejs\;C:\Users\Lenovo\AppData\Local\Microsoft\WindowsApps;C:\Users\Lenovo\AppData\Local\Programs\Microsoft VS Code\bin;C:\Program Files\pycharm\bin;;C:\Program Files\nodejs;C:\Program Files\Git\usr\bin;C:\Users\Lenovo\AppData\Local\GitHubDesktop\bin;C:\ProgramData\Lenovo\GitHubDesktop\bin;C:\Users\Lenovo\.dotnet\tools;C:\flutter\flutter\bin;C:\Users\Lenovo\AppData\Local\Programs\Antigravity\bin;C:\Users\Lenovo\AppData\Local\Programs\Antigravity IDE\bin;C:\Users\Lenovo\AppData\Roaming\npm
USERNAME=Lenovo
OS=Windows_NT
PROCESSOR_IDENTIFIER=Intel64 Family 6 Model 142 Stepping 10, GenuineIntel
TMP=C:\Users\Lenovo\AppData\Local\Temp
TEMP=C:\Users\Lenovo\AppData\Local\Temp




Periodic native trim disabled

---------------  S Y S T E M  ---------------

OS:
 Windows 11 , 64 bit Build 26100 (10.0.26100.8737)
OS uptime: 0 days 4:19 hours
Hyper-V role detected

CPU: total 4 (initial active 4) (2 cores per cpu, 2 threads per core) family 6 model 142 stepping 10 microcode 0xe0, cx8, cmov, fxsr, ht, mmx, 3dnowpref, sse, sse2, sse3, ssse3, sse4.1, sse4.2, popcnt, lzcnt, tsc, tscinvbit, avx, avx2, aes, erms, clmul, bmi1, bmi2, adx, fma, vzeroupper, clflush, clflushopt, hv, rdtscp, f16c
Processor Information for processor 0
  Max Mhz: 2201, Current Mhz: 2201, Mhz Limit: 2201
Processor Information for processor 1
  Max Mhz: 2201, Current Mhz: 1500, Mhz Limit: 2201
Processor Information for processor 2
  Max Mhz: 2201, Current Mhz: 2201, Mhz Limit: 2201
Processor Information for processor 3
  Max Mhz: 2201, Current Mhz: 1500, Mhz Limit: 2201

Memory: 4k page, system-wide physical 12197M (2568M free)
TotalPageFile size 14245M (AvailPageFile size 5M)
current process WorkingSet (physical memory assigned to process): 105M, peak: 320M
current process commit charge ("private bytes"): 346M, peak: 380M

vm_info: OpenJDK 64-Bit Server VM (21.0.11+10-LTS) for windows-amd64 JRE (21.0.11+10-LTS), built on 2026-04-21T00:00:00Z by "admin" with MS VC++ 17.12 (VS2022)

END.
